This is pdfTeX, Version 3.141592653-2.6-1.40.27 (MiKTeX 25.4) (preloaded format=pdflatex 2025.11.12)  9 FEB 2026 22:56
entering extended mode
 restricted \write18 enabled.
 %&-line parsing enabled.
**./FOR_Notes.tex
(FOR_Notes.tex
LaTeX2e <2025-11-01>
L3 programming layer <2025-10-24>
(C:\Users\Acer\AppData\Local\Programs\MiKTeX\tex/latex/base\book.cls
Document Class: book 2025/01/22 v1.4n Standard LaTeX document class
(C:\Users\Acer\AppData\Local\Programs\MiKTeX\tex/latex/base\bk12.clo
File: bk12.clo 2025/01/22 v1.4n Standard LaTeX file (size option)
)
\c@part=\count275
\c@chapter=\count276
\c@section=\count277
\c@subsection=\count278
\c@subsubsection=\count279
\c@paragraph=\count280
\c@subparagraph=\count281
\c@figure=\count282
\c@table=\count283
\abovecaptionskip=\skip49
\belowcaptionskip=\skip50
\bibindent=\dimen148
)
(C:\Users\Acer\AppData\Local\Programs\MiKTeX\tex/latex/base\inputenc.sty
Package: inputenc 2024/02/08 v1.3d Input encoding file
\inpenc@prehook=\toks17
\inpenc@posthook=\toks18
)
(C:\Users\Acer\AppData\Local\Programs\MiKTeX\tex/latex/amsmath\amsmath.sty
Package: amsmath 2025/07/09 v2.17z AMS math features
\@mathmargin=\skip51

For additional information on amsmath, use the `?' option.
(C:\Users\Acer\AppData\Local\Programs\MiKTeX\tex/latex/amsmath\amstext.sty
Package: amstext 2024/11/17 v2.01 AMS text

(C:\Users\Acer\AppData\Local\Programs\MiKTeX\tex/latex/amsmath\amsgen.sty
File: amsgen.sty 1999/11/30 v2.0 generic functions
\@emptytoks=\toks19
\ex@=\dimen149
))
(C:\Users\Acer\AppData\Local\Programs\MiKTeX\tex/latex/amsmath\amsbsy.sty
Package: amsbsy 1999/11/29 v1.2d Bold Symbols
\pmbraise@=\dimen150
)
(C:\Users\Acer\AppData\Local\Programs\MiKTeX\tex/latex/amsmath\amsopn.sty
Package: amsopn 2022/04/08 v2.04 operator names
)
\inf@bad=\count284
LaTeX Info: Redefining \frac on input line 233.
\uproot@=\count285
\leftroot@=\count286
LaTeX Info: Redefining \overline on input line 398.
LaTeX Info: Redefining \colon on input line 409.
\classnum@=\count287
\DOTSCASE@=\count288
LaTeX Info: Redefining \ldots on input line 495.
LaTeX Info: Redefining \dots on input line 498.
LaTeX Info: Redefining \cdots on input line 619.
\Mathstrutbox@=\box53
\strutbox@=\box54
LaTeX Info: Redefining \big on input line 721.
LaTeX Info: Redefining \Big on input line 722.
LaTeX Info: Redefining \bigg on input line 723.
LaTeX Info: Redefining \Bigg on input line 724.
\big@size=\dimen151
LaTeX Font Info:    Redeclaring font encoding OML on input line 742.
LaTeX Font Info:    Redeclaring font encoding OMS on input line 743.
\macc@depth=\count289
LaTeX Info: Redefining \bmod on input line 904.
LaTeX Info: Redefining \pmod on input line 909.
LaTeX Info: Redefining \smash on input line 939.
LaTeX Info: Redefining \relbar on input line 969.
LaTeX Info: Redefining \Relbar on input line 970.
\c@MaxMatrixCols=\count290
\dotsspace@=\muskip17
\c@parentequation=\count291
\dspbrk@lvl=\count292
\tag@help=\toks20
\row@=\count293
\column@=\count294
\maxfields@=\count295
\andhelp@=\toks21
\eqnshift@=\dimen152
\alignsep@=\dimen153
\tagshift@=\dimen154
\tagwidth@=\dimen155
\totwidth@=\dimen156
\lineht@=\dimen157
\@envbody=\toks22
\multlinegap=\skip52
\multlinetaggap=\skip53
\mathdisplay@stack=\toks23
LaTeX Info: Redefining \[ on input line 2950.
LaTeX Info: Redefining \] on input line 2951.
)
(C:\Users\Acer\AppData\Local\Programs\MiKTeX\tex/latex/float\float.sty
Package: float 2001/11/08 v1.3d Float enhancements (AL)
\c@float@type=\count296
\float@exts=\toks24
\float@box=\box55
\@float@everytoks=\toks25
\@floatcapt=\box56
)
(C:\Users\Acer\AppData\Local\Programs\MiKTeX\tex/latex/amsfonts\amssymb.sty
Package: amssymb 2013/01/14 v3.01 AMS font symbols

(C:\Users\Acer\AppData\Local\Programs\MiKTeX\tex/latex/amsfonts\amsfonts.sty
Package: amsfonts 2013/01/14 v3.01 Basic AMSFonts support
\symAMSa=\mathgroup4
\symAMSb=\mathgroup5
LaTeX Font Info:    Redeclaring math symbol \hbar on input line 98.
LaTeX Font Info:    Overwriting math alphabet `\mathfrak' in version `bold'
(Font)                  U/euf/m/n --> U/euf/b/n on input line 106.
))
(C:\Users\Acer\AppData\Local\Programs\MiKTeX\tex/latex/geometry\geometry.sty
Package: geometry 2020/01/02 v5.9 Page Geometry

(C:\Users\Acer\AppData\Local\Programs\MiKTeX\tex/latex/graphics\keyval.sty
Package: keyval 2022/05/29 v1.15 key=value parser (DPC)
\KV@toks@=\toks26
)
(C:\Users\Acer\AppData\Local\Programs\MiKTeX\tex/generic/iftex\ifvtex.sty
Package: ifvtex 2019/10/25 v1.7 ifvtex legacy package. Use iftex instead.

(C:\Users\Acer\AppData\Local\Programs\MiKTeX\tex/generic/iftex\iftex.sty
Package: iftex 2024/12/12 v1.0g TeX engine tests
))
\Gm@cnth=\count297
\Gm@cntv=\count298
\c@Gm@tempcnt=\count299
\Gm@bindingoffset=\dimen158
\Gm@wd@mp=\dimen159
\Gm@odd@mp=\dimen160
\Gm@even@mp=\dimen161
\Gm@layoutwidth=\dimen162
\Gm@layoutheight=\dimen163
\Gm@layouthoffset=\dimen164
\Gm@layoutvoffset=\dimen165
\Gm@dimlist=\toks27

(C:\Users\Acer\AppData\Local\Programs\MiKTeX\tex/latex/geometry\geometry.cfg))
(C:\Users\Acer\AppData\Local\Programs\MiKTeX\tex/latex/pgf/frontendlayer\tikz.s
ty
(C:\Users\Acer\AppData\Local\Programs\MiKTeX\tex/latex/pgf/basiclayer\pgf.sty
(C:\Users\Acer\AppData\Local\Programs\MiKTeX\tex/latex/pgf/utilities\pgfrcs.sty

(C:\Users\Acer\AppData\Local\Programs\MiKTeX\tex/generic/pgf/utilities\pgfutil-
common.tex
\pgfutil@everybye=\toks28
\pgfutil@tempdima=\dimen166
\pgfutil@tempdimb=\dimen167
)
(C:\Users\Acer\AppData\Local\Programs\MiKTeX\tex/generic/pgf/utilities\pgfutil-
latex.def
\pgfutil@abb=\box57
)
(C:\Users\Acer\AppData\Local\Programs\MiKTeX\tex/generic/pgf/utilities\pgfrcs.c
ode.tex
(C:\Users\Acer\AppData\Local\Programs\MiKTeX\tex/generic/pgf\pgf.revision.tex)
Package: pgfrcs 2025-08-29 v3.1.11a (3.1.11a)
))
Package: pgf 2025-08-29 v3.1.11a (3.1.11a)

(C:\Users\Acer\AppData\Local\Programs\MiKTeX\tex/latex/pgf/basiclayer\pgfcore.s
ty (C:\Users\Acer\AppData\Local\Programs\MiKTeX\tex/latex/graphics\graphicx.sty
Package: graphicx 2024/12/31 v1.2e Enhanced LaTeX Graphics (DPC,SPQR)
(C:\Users\Acer\AppData\Local\Programs\MiKTeX\tex/latex/graphics\graphics.sty
Package: graphics 2024/08/06 v1.4g Standard LaTeX Graphics (DPC,SPQR)

(C:\Users\Acer\AppData\Local\Programs\MiKTeX\tex/latex/graphics\trig.sty
Package: trig 2023/12/02 v1.11 sin cos tan (DPC)
)
(C:\Users\Acer\AppData\Local\Programs\MiKTeX\tex/latex/graphics-cfg\graphics.cf
g
File: graphics.cfg 2016/06/04 v1.11 sample graphics configuration
)
Package graphics Info: Driver file: pdftex.def on input line 106.

(C:\Users\Acer\AppData\Local\Programs\MiKTeX\tex/latex/graphics-def\pdftex.def
File: pdftex.def 2025/09/29 v1.2d Graphics/color driver for pdftex
))
\Gin@req@height=\dimen168
\Gin@req@width=\dimen169
)
(C:\Users\Acer\AppData\Local\Programs\MiKTeX\tex/latex/pgf/systemlayer\pgfsys.s
ty
(C:\Users\Acer\AppData\Local\Programs\MiKTeX\tex/generic/pgf/systemlayer\pgfsys
.code.tex
Package: pgfsys 2025-08-29 v3.1.11a (3.1.11a)

(C:\Users\Acer\AppData\Local\Programs\MiKTeX\tex/generic/pgf/utilities\pgfkeys.
code.tex
\pgfkeys@pathtoks=\toks29
\pgfkeys@temptoks=\toks30

(C:\Users\Acer\AppData\Local\Programs\MiKTeX\tex/generic/pgf/utilities\pgfkeysl
ibraryfiltered.code.tex
\pgfkeys@tmptoks=\toks31
))
\pgf@x=\dimen170
\pgf@y=\dimen171
\pgf@xa=\dimen172
\pgf@ya=\dimen173
\pgf@xb=\dimen174
\pgf@yb=\dimen175
\pgf@xc=\dimen176
\pgf@yc=\dimen177
\pgf@xd=\dimen178
\pgf@yd=\dimen179
\w@pgf@writea=\write3
\r@pgf@reada=\read2
\c@pgf@counta=\count300
\c@pgf@countb=\count301
\c@pgf@countc=\count302
\c@pgf@countd=\count303
\t@pgf@toka=\toks32
\t@pgf@tokb=\toks33
\t@pgf@tokc=\toks34
\pgf@sys@id@count=\count304

(C:\Users\Acer\AppData\Local\Programs\MiKTeX\tex/generic/pgf/systemlayer\pgf.cf
g
File: pgf.cfg 2025-08-29 v3.1.11a (3.1.11a)
)
Driver file for pgf: pgfsys-pdftex.def

(C:\Users\Acer\AppData\Local\Programs\MiKTeX\tex/generic/pgf/systemlayer\pgfsys
-pdftex.def
File: pgfsys-pdftex.def 2025-08-29 v3.1.11a (3.1.11a)

(C:\Users\Acer\AppData\Local\Programs\MiKTeX\tex/generic/pgf/systemlayer\pgfsys
-common-pdf.def
File: pgfsys-common-pdf.def 2025-08-29 v3.1.11a (3.1.11a)
)))
(C:\Users\Acer\AppData\Local\Programs\MiKTeX\tex/generic/pgf/systemlayer\pgfsys
softpath.code.tex
File: pgfsyssoftpath.code.tex 2025-08-29 v3.1.11a (3.1.11a)
\pgfsyssoftpath@smallbuffer@items=\count305
\pgfsyssoftpath@bigbuffer@items=\count306
)
(C:\Users\Acer\AppData\Local\Programs\MiKTeX\tex/generic/pgf/systemlayer\pgfsys
protocol.code.tex
File: pgfsysprotocol.code.tex 2025-08-29 v3.1.11a (3.1.11a)
))
(C:\Users\Acer\AppData\Local\Programs\MiKTeX\tex/latex/xcolor\xcolor.sty
Package: xcolor 2024/09/29 v3.02 LaTeX color extensions (UK)

(C:\Users\Acer\AppData\Local\Programs\MiKTeX\tex/latex/graphics-cfg\color.cfg
File: color.cfg 2016/01/02 v1.6 sample color configuration
)
Package xcolor Info: Driver file: pdftex.def on input line 274.

(C:\Users\Acer\AppData\Local\Programs\MiKTeX\tex/latex/graphics\mathcolor.ltx)
Package xcolor Info: Model `cmy' substituted by `cmy0' on input line 1349.
Package xcolor Info: Model `hsb' substituted by `rgb' on input line 1353.
Package xcolor Info: Model `RGB' extended on input line 1365.
Package xcolor Info: Model `HTML' substituted by `rgb' on input line 1367.
Package xcolor Info: Model `Hsb' substituted by `hsb' on input line 1368.
Package xcolor Info: Model `tHsb' substituted by `hsb' on input line 1369.
Package xcolor Info: Model `HSB' substituted by `hsb' on input line 1370.
Package xcolor Info: Model `Gray' substituted by `gray' on input line 1371.
Package xcolor Info: Model `wave' substituted by `hsb' on input line 1372.
)
(C:\Users\Acer\AppData\Local\Programs\MiKTeX\tex/generic/pgf/basiclayer\pgfcore
.code.tex
Package: pgfcore 2025-08-29 v3.1.11a (3.1.11a)

(C:\Users\Acer\AppData\Local\Programs\MiKTeX\tex/generic/pgf/math\pgfmath.code.
tex
(C:\Users\Acer\AppData\Local\Programs\MiKTeX\tex/generic/pgf/math\pgfmathutil.c
ode.tex)
(C:\Users\Acer\AppData\Local\Programs\MiKTeX\tex/generic/pgf/math\pgfmathparser
.code.tex
\pgfmath@dimen=\dimen180
\pgfmath@count=\count307
\pgfmath@box=\box58
\pgfmath@toks=\toks35
\pgfmath@stack@operand=\toks36
\pgfmath@stack@operation=\toks37
)
(C:\Users\Acer\AppData\Local\Programs\MiKTeX\tex/generic/pgf/math\pgfmathfuncti
ons.code.tex)
(C:\Users\Acer\AppData\Local\Programs\MiKTeX\tex/generic/pgf/math\pgfmathfuncti
ons.basic.code.tex)
(C:\Users\Acer\AppData\Local\Programs\MiKTeX\tex/generic/pgf/math\pgfmathfuncti
ons.trigonometric.code.tex)
(C:\Users\Acer\AppData\Local\Programs\MiKTeX\tex/generic/pgf/math\pgfmathfuncti
ons.random.code.tex)
(C:\Users\Acer\AppData\Local\Programs\MiKTeX\tex/generic/pgf/math\pgfmathfuncti
ons.comparison.code.tex)
(C:\Users\Acer\AppData\Local\Programs\MiKTeX\tex/generic/pgf/math\pgfmathfuncti
ons.base.code.tex)
(C:\Users\Acer\AppData\Local\Programs\MiKTeX\tex/generic/pgf/math\pgfmathfuncti
ons.round.code.tex)
(C:\Users\Acer\AppData\Local\Programs\MiKTeX\tex/generic/pgf/math\pgfmathfuncti
ons.misc.code.tex)
(C:\Users\Acer\AppData\Local\Programs\MiKTeX\tex/generic/pgf/math\pgfmathfuncti
ons.integerarithmetics.code.tex)
(C:\Users\Acer\AppData\Local\Programs\MiKTeX\tex/generic/pgf/math\pgfmathcalc.c
ode.tex)
(C:\Users\Acer\AppData\Local\Programs\MiKTeX\tex/generic/pgf/math\pgfmathfloat.
code.tex
\c@pgfmathroundto@lastzeros=\count308
))
(C:\Users\Acer\AppData\Local\Programs\MiKTeX\tex/generic/pgf/math\pgfint.code.t
ex)
(C:\Users\Acer\AppData\Local\Programs\MiKTeX\tex/generic/pgf/basiclayer\pgfcore
points.code.tex
File: pgfcorepoints.code.tex 2025-08-29 v3.1.11a (3.1.11a)
\pgf@picminx=\dimen181
\pgf@picmaxx=\dimen182
\pgf@picminy=\dimen183
\pgf@picmaxy=\dimen184
\pgf@pathminx=\dimen185
\pgf@pathmaxx=\dimen186
\pgf@pathminy=\dimen187
\pgf@pathmaxy=\dimen188
\pgf@xx=\dimen189
\pgf@xy=\dimen190
\pgf@yx=\dimen191
\pgf@yy=\dimen192
\pgf@zx=\dimen193
\pgf@zy=\dimen194
)
(C:\Users\Acer\AppData\Local\Programs\MiKTeX\tex/generic/pgf/basiclayer\pgfcore
pathconstruct.code.tex
File: pgfcorepathconstruct.code.tex 2025-08-29 v3.1.11a (3.1.11a)
\pgf@path@lastx=\dimen195
\pgf@path@lasty=\dimen196
)
(C:\Users\Acer\AppData\Local\Programs\MiKTeX\tex/generic/pgf/basiclayer\pgfcore
pathusage.code.tex
File: pgfcorepathusage.code.tex 2025-08-29 v3.1.11a (3.1.11a)
\pgf@shorten@end@additional=\dimen197
\pgf@shorten@start@additional=\dimen198
)
(C:\Users\Acer\AppData\Local\Programs\MiKTeX\tex/generic/pgf/basiclayer\pgfcore
scopes.code.tex
File: pgfcorescopes.code.tex 2025-08-29 v3.1.11a (3.1.11a)
\pgfpic=\box59
\pgf@hbox=\box60
\pgf@layerbox@main=\box61
\pgf@picture@serial@count=\count309
)
(C:\Users\Acer\AppData\Local\Programs\MiKTeX\tex/generic/pgf/basiclayer\pgfcore
graphicstate.code.tex
File: pgfcoregraphicstate.code.tex 2025-08-29 v3.1.11a (3.1.11a)
\pgflinewidth=\dimen199
)
(C:\Users\Acer\AppData\Local\Programs\MiKTeX\tex/generic/pgf/basiclayer\pgfcore
transformations.code.tex
File: pgfcoretransformations.code.tex 2025-08-29 v3.1.11a (3.1.11a)
\pgf@pt@x=\dimen256
\pgf@pt@y=\dimen257
\pgf@pt@temp=\dimen258
)
(C:\Users\Acer\AppData\Local\Programs\MiKTeX\tex/generic/pgf/basiclayer\pgfcore
quick.code.tex
File: pgfcorequick.code.tex 2025-08-29 v3.1.11a (3.1.11a)
)
(C:\Users\Acer\AppData\Local\Programs\MiKTeX\tex/generic/pgf/basiclayer\pgfcore
objects.code.tex
File: pgfcoreobjects.code.tex 2025-08-29 v3.1.11a (3.1.11a)
)
(C:\Users\Acer\AppData\Local\Programs\MiKTeX\tex/generic/pgf/basiclayer\pgfcore
pathprocessing.code.tex
File: pgfcorepathprocessing.code.tex 2025-08-29 v3.1.11a (3.1.11a)
)
(C:\Users\Acer\AppData\Local\Programs\MiKTeX\tex/generic/pgf/basiclayer\pgfcore
arrows.code.tex
File: pgfcorearrows.code.tex 2025-08-29 v3.1.11a (3.1.11a)
\pgfarrowsep=\dimen259
)
(C:\Users\Acer\AppData\Local\Programs\MiKTeX\tex/generic/pgf/basiclayer\pgfcore
shade.code.tex
File: pgfcoreshade.code.tex 2025-08-29 v3.1.11a (3.1.11a)
\pgf@max=\dimen260
\pgf@sys@shading@range@num=\count310
\pgf@shadingcount=\count311
)
(C:\Users\Acer\AppData\Local\Programs\MiKTeX\tex/generic/pgf/basiclayer\pgfcore
image.code.tex
File: pgfcoreimage.code.tex 2025-08-29 v3.1.11a (3.1.11a)
)
(C:\Users\Acer\AppData\Local\Programs\MiKTeX\tex/generic/pgf/basiclayer\pgfcore
external.code.tex
File: pgfcoreexternal.code.tex 2025-08-29 v3.1.11a (3.1.11a)
\pgfexternal@startupbox=\box62
)
(C:\Users\Acer\AppData\Local\Programs\MiKTeX\tex/generic/pgf/basiclayer\pgfcore
layers.code.tex
File: pgfcorelayers.code.tex 2025-08-29 v3.1.11a (3.1.11a)
)
(C:\Users\Acer\AppData\Local\Programs\MiKTeX\tex/generic/pgf/basiclayer\pgfcore
transparency.code.tex
File: pgfcoretransparency.code.tex 2025-08-29 v3.1.11a (3.1.11a)
)
(C:\Users\Acer\AppData\Local\Programs\MiKTeX\tex/generic/pgf/basiclayer\pgfcore
patterns.code.tex
File: pgfcorepatterns.code.tex 2025-08-29 v3.1.11a (3.1.11a)
)
(C:\Users\Acer\AppData\Local\Programs\MiKTeX\tex/generic/pgf/basiclayer\pgfcore
rdf.code.tex
File: pgfcorerdf.code.tex 2025-08-29 v3.1.11a (3.1.11a)
)))
(C:\Users\Acer\AppData\Local\Programs\MiKTeX\tex/generic/pgf/modules\pgfmodules
hapes.code.tex
File: pgfmoduleshapes.code.tex 2025-08-29 v3.1.11a (3.1.11a)
\pgfnodeparttextbox=\box63
)
(C:\Users\Acer\AppData\Local\Programs\MiKTeX\tex/generic/pgf/modules\pgfmodulep
lot.code.tex
File: pgfmoduleplot.code.tex 2025-08-29 v3.1.11a (3.1.11a)
)
(C:\Users\Acer\AppData\Local\Programs\MiKTeX\tex/latex/pgf/compatibility\pgfcom
p-version-0-65.sty
Package: pgfcomp-version-0-65 2025-08-29 v3.1.11a (3.1.11a)
\pgf@nodesepstart=\dimen261
\pgf@nodesepend=\dimen262
)
(C:\Users\Acer\AppData\Local\Programs\MiKTeX\tex/latex/pgf/compatibility\pgfcom
p-version-1-18.sty
Package: pgfcomp-version-1-18 2025-08-29 v3.1.11a (3.1.11a)
))
(C:\Users\Acer\AppData\Local\Programs\MiKTeX\tex/latex/pgf/utilities\pgffor.sty

(C:\Users\Acer\AppData\Local\Programs\MiKTeX\tex/latex/pgf/utilities\pgfkeys.st
y
(C:\Users\Acer\AppData\Local\Programs\MiKTeX\tex/generic/pgf/utilities\pgfkeys.
code.tex))
(C:\Users\Acer\AppData\Local\Programs\MiKTeX\tex/latex/pgf/math\pgfmath.sty
(C:\Users\Acer\AppData\Local\Programs\MiKTeX\tex/generic/pgf/math\pgfmath.code.
tex))
(C:\Users\Acer\AppData\Local\Programs\MiKTeX\tex/generic/pgf/utilities\pgffor.c
ode.tex
Package: pgffor 2025-08-29 v3.1.11a (3.1.11a)
\pgffor@iter=\dimen263
\pgffor@skip=\dimen264
\pgffor@stack=\toks38
\pgffor@toks=\toks39
))
(C:\Users\Acer\AppData\Local\Programs\MiKTeX\tex/generic/pgf/frontendlayer/tikz
\tikz.code.tex
Package: tikz 2025-08-29 v3.1.11a (3.1.11a)

(C:\Users\Acer\AppData\Local\Programs\MiKTeX\tex/generic/pgf/libraries\pgflibra
ryplothandlers.code.tex
File: pgflibraryplothandlers.code.tex 2025-08-29 v3.1.11a (3.1.11a)
\pgf@plot@mark@count=\count312
\pgfplotmarksize=\dimen265
)
\tikz@lastx=\dimen266
\tikz@lasty=\dimen267
\tikz@lastxsaved=\dimen268
\tikz@lastysaved=\dimen269
\tikz@lastmovetox=\dimen270
\tikz@lastmovetoy=\dimen271
\tikzleveldistance=\dimen272
\tikzsiblingdistance=\dimen273
\tikz@figbox=\box64
\tikz@figbox@bg=\box65
\tikz@tempbox=\box66
\tikz@tempbox@bg=\box67
\tikztreelevel=\count313
\tikznumberofchildren=\count314
\tikznumberofcurrentchild=\count315
\tikz@fig@count=\count316

(C:\Users\Acer\AppData\Local\Programs\MiKTeX\tex/generic/pgf/modules\pgfmodulem
atrix.code.tex
File: pgfmodulematrix.code.tex 2025-08-29 v3.1.11a (3.1.11a)
\pgfmatrixcurrentrow=\count317
\pgfmatrixcurrentcolumn=\count318
\pgf@matrix@numberofcolumns=\count319
)
\tikz@expandcount=\count320

(C:\Users\Acer\AppData\Local\Programs\MiKTeX\tex/generic/pgf/frontendlayer/tikz
/libraries\tikzlibrarytopaths.code.tex
File: tikzlibrarytopaths.code.tex 2025-08-29 v3.1.11a (3.1.11a)
)))
(C:\Users\Acer\AppData\Local\Programs\MiKTeX\tex/generic/pgf/libraries\pgflibra
ryarrows.meta.code.tex
File: pgflibraryarrows.meta.code.tex 2025-08-29 v3.1.11a (3.1.11a)
\pgfarrowinset=\dimen274
\pgfarrowlength=\dimen275
\pgfarrowwidth=\dimen276
\pgfarrowlinewidth=\dimen277
)
(C:\Users\Acer\AppData\Local\Programs\MiKTeX\tex/generic/pgf/frontendlayer/tikz
/libraries\tikzlibrarypositioning.code.tex
File: tikzlibrarypositioning.code.tex 2025-08-29 v3.1.11a (3.1.11a)
)
(C:\Users\Acer\AppData\Local\Programs\MiKTeX\tex/generic/pgf/frontendlayer/tikz
/libraries\tikzlibraryshapes.geometric.code.tex
File: tikzlibraryshapes.geometric.code.tex 2025-08-29 v3.1.11a (3.1.11a)

(C:\Users\Acer\AppData\Local\Programs\MiKTeX\tex/generic/pgf/libraries/shapes\p
gflibraryshapes.geometric.code.tex
File: pgflibraryshapes.geometric.code.tex 2025-08-29 v3.1.11a (3.1.11a)
))
(C:\Users\Acer\AppData\Local\Programs\MiKTeX\tex/latex/l3backend\l3backend-pdft
ex.def
File: l3backend-pdftex.def 2025-10-09 L3 backend support: PDF output (pdfTeX)
\l__color_backend_stack_int=\count321
) (FOR_Notes.aux)
\openout1 = `FOR_Notes.aux'.

LaTeX Font Info:    Checking defaults for OML/cmm/m/it on input line 15.
LaTeX Font Info:    ... okay on input line 15.
LaTeX Font Info:    Checking defaults for OMS/cmsy/m/n on input line 15.
LaTeX Font Info:    ... okay on input line 15.
LaTeX Font Info:    Checking defaults for OT1/cmr/m/n on input line 15.
LaTeX Font Info:    ... okay on input line 15.
LaTeX Font Info:    Checking defaults for T1/cmr/m/n on input line 15.
LaTeX Font Info:    ... okay on input line 15.
LaTeX Font Info:    Checking defaults for TS1/cmr/m/n on input line 15.
LaTeX Font Info:    ... okay on input line 15.
LaTeX Font Info:    Checking defaults for OMX/cmex/m/n on input line 15.
LaTeX Font Info:    ... okay on input line 15.
LaTeX Font Info:    Checking defaults for U/cmr/m/n on input line 15.
LaTeX Font Info:    ... okay on input line 15.

*geometry* driver: auto-detecting
*geometry* detected driver: pdftex
*geometry* verbose mode - [ preamble ] result:
* driver: pdftex
* paper: a4paper
* layout: <same size as paper>
* layoutoffset:(h,v)=(0.0pt,0.0pt)
* modes: twoside 
* h-part:(L,W,R)=(72.26999pt, 452.9679pt, 72.26999pt)
* v-part:(T,H,B)=(72.26999pt, 700.50687pt, 72.26999pt)
* \paperwidth=597.50787pt
* \paperheight=845.04684pt
* \textwidth=452.9679pt
* \textheight=700.50687pt
* \oddsidemargin=0.0pt
* \evensidemargin=0.0pt
* \topmargin=-31.8738pt
* \headheight=12.0pt
* \headsep=19.8738pt
* \topskip=12.0pt
* \footskip=30.0pt
* \marginparwidth=98.0pt
* \marginparsep=7.0pt
* \columnsep=10.0pt
* \skip\footins=10.8pt plus 4.0pt minus 2.0pt
* \hoffset=0.0pt
* \voffset=0.0pt
* \mag=1000
* \@twocolumnfalse
* \@twosidetrue
* \@mparswitchtrue
* \@reversemarginfalse
* (1in=72.27pt=25.4mm, 1cm=28.453pt)


(C:\Users\Acer\AppData\Local\Programs\MiKTeX\tex/context/base/mkii\supp-pdf.mki
i
[Loading MPS to PDF converter (version 2006.09.02).]
\scratchcounter=\count322
\scratchdimen=\dimen278
\scratchbox=\box68
\nofMPsegments=\count323
\nofMParguments=\count324
\everyMPshowfont=\toks40
\MPscratchCnt=\count325
\MPscratchDim=\dimen279
\MPnumerator=\count326
\makeMPintoPDFobject=\count327
\everyMPtoPDFconversion=\toks41
)
(C:\Users\Acer\AppData\Local\Programs\MiKTeX\tex/latex/epstopdf-pkg\epstopdf-ba
se.sty
Package: epstopdf-base 2020-01-24 v2.11 Base part for package epstopdf
Package epstopdf-base Info: Redefining graphics rule for `.eps' on input line 4
85.

(C:\Users\Acer\AppData\Local\Programs\MiKTeX\tex/latex/00miktex\epstopdf-sys.cf
g
File: epstopdf-sys.cfg 2021/03/18 v2.0 Configuration of epstopdf for MiKTeX
)) (Capitolo 1/Capitolo_1.tex
Chapter 1.
[1


{C:/Users/Acer/AppData/Local/MiKTeX/fonts/map/pdftex/pdftex.map}])
(Capitolo 2/Capitolo_2.tex [2]
Chapter 2.
LaTeX Font Info:    Trying to load font information for U+msa on input line 5.
(C:\Users\Acer\AppData\Local\Programs\MiKTeX\tex/latex/amsfonts\umsa.fd
File: umsa.fd 2013/01/14 v3.01 AMS symbols A
)
LaTeX Font Info:    Trying to load font information for U+msb on input line 5.

(C:\Users\Acer\AppData\Local\Programs\MiKTeX\tex/latex/amsfonts\umsb.fd
File: umsb.fd 2013/01/14 v3.01 AMS symbols B
)
[3

] [4] [5] [6] [7]
Overfull \hbox (8.11504pt too wide) in paragraph at lines 243--244
[]\OT1/cmr/bx/n/12 Quadrant Iden-ti-fi-ca-tion: \OT1/cmr/m/n/12 The stan-dard $
[]$ func-tion has a range of $(\OMS/cmsy/m/n/12 ^^@\OML/cmm/m/it/12 ^^Y=\OT1/cm
r/m/n/12 2\OML/cmm/m/it/12 ; ^^Y=\OT1/cmr/m/n/12 2)$,
 []

[8] [9] [10] [11]
<Capitolo 2/Immagini/D-H.png, id=51, 489.32813pt x 315.42844pt>
File: Capitolo 2/Immagini/D-H.png Graphic file (type png)
<use Capitolo 2/Immagini/D-H.png>
Package pdftex.def Info: Capitolo 2/Immagini/D-H.png  used on input line 409.
(pdftex.def)             Requested size: 317.07614pt x 204.39554pt.
 [12 <./Capitolo 2/Immagini/D-H.png>]
Overfull \hbox (3.3043pt too wide) in paragraph at lines 431--432
[]$\OML/cmm/m/it/12 []$ \OT1/cmr/m/n/12 (Link twist): An-gle be-tween axes $\O
ML/cmm/m/it/12 z[]$ \OT1/cmr/m/n/12 and $\OML/cmm/m/it/12 z[]$ \OT1/cmr/m/n/12 
about $\OML/cmm/m/it/12 x[]$ \OT1/cmr/m/n/12 (pos-i-tive counter-clockwise). 
 []

[13]
<Capitolo 2/Immagini/closed_chain.png, id=62, 444.91219pt x 435.87843pt>
File: Capitolo 2/Immagini/closed_chain.png Graphic file (type png)
<use Capitolo 2/Immagini/closed_chain.png>
Package pdftex.def Info: Capitolo 2/Immagini/closed_chain.png  used on input li
ne 508.
(pdftex.def)             Requested size: 362.37569pt x 355.02162pt.

Underfull \vbox (badness 7869) has occurred while \output is active []

 [14]
[15 <./Capitolo 2/Immagini/closed_chain.png>] [16] [17] [18] [19]
Overfull \hbox (32.74773pt too wide) in paragraph at lines 761--763
\OT1/cmr/m/n/12 Substituting the skew-symmetric rep-re-sen-ta-tions $\OML/cmm/m
/it/12 S\OT1/cmr/m/n/12 ([][])\OML/cmm/m/it/12 R[]$ \OT1/cmr/m/n/12 and uti-liz
-ing the prop-erty $\OML/cmm/m/it/12 RS\OT1/cmr/m/n/12 ([])\OML/cmm/m/it/12 R[]
 \OT1/cmr/m/n/12 =
 []

[20]
<Capitolo 2/Immagini/3LPMex.png, id=86, 505.13719pt x 316.93407pt>
File: Capitolo 2/Immagini/3LPMex.png Graphic file (type png)
<use Capitolo 2/Immagini/3LPMex.png>
Package pdftex.def Info: Capitolo 2/Immagini/3LPMex.png  used on input line 828
.
(pdftex.def)             Requested size: 362.37569pt x 227.36539pt.
 [21] [22 <./Capitolo 2/Immagini/3LPMex.png>]
<Capitolo 2/Immagini/AMex.png, id=95, 346.29375pt x 389.20406pt>
File: Capitolo 2/Immagini/AMex.png Graphic file (type png)
<use Capitolo 2/Immagini/AMex.png>
Package pdftex.def Info: Capitolo 2/Immagini/AMex.png  used on input line 894.
(pdftex.def)             Requested size: 226.48395pt x 254.5534pt.

Underfull \vbox (badness 10000) has occurred while \output is active []

 [23]
[24 <./Capitolo 2/Immagini/AMex.png>]
<Capitolo 2/Immagini/SMex.png, id=103, 463.7325pt x 389.95688pt>
File: Capitolo 2/Immagini/SMex.png Graphic file (type png)
<use Capitolo 2/Immagini/SMex.png>
Package pdftex.def Info: Capitolo 2/Immagini/SMex.png  used on input line 941.
(pdftex.def)             Requested size: 226.48395pt x 190.45576pt.

Overfull \hbox (6.40045pt too wide) detected at line 954
[]\OML/cmm/m/it/12 J \OT1/cmr/m/n/12 = []
 []

[25 <./Capitolo 2/Immagini/SMex.png>]
<Capitolo 2/Immagini/2linkplanar.png, id=109, 207.02344pt x 151.3153pt>
File: Capitolo 2/Immagini/2linkplanar.png Graphic file (type png)
<use Capitolo 2/Immagini/2linkplanar.png>
Package pdftex.def Info: Capitolo 2/Immagini/2linkplanar.png  used on input lin
e 977.
(pdftex.def)             Requested size: 226.48395pt x 165.54456pt.
 [26 <./Capitolo 2/Immagini/2linkplanar.png>] [27]
<Capitolo 2/Immagini/wristsingularity.png, id=117, 256.70906pt x 115.93312pt>
File: Capitolo 2/Immagini/wristsingularity.png Graphic file (type png)
<use Capitolo 2/Immagini/wristsingularity.png>
Package pdftex.def Info: Capitolo 2/Immagini/wristsingularity.png  used on inpu
t line 1084.
(pdftex.def)             Requested size: 226.48395pt x 102.28503pt.
 [28]
<Capitolo 2/Immagini/armsingularity1.png, id=121, 354.57469pt x 253.69781pt>
File: Capitolo 2/Immagini/armsingularity1.png Graphic file (type png)
<use Capitolo 2/Immagini/armsingularity1.png>
Package pdftex.def Info: Capitolo 2/Immagini/armsingularity1.png  used on input
 line 1118.
(pdftex.def)             Requested size: 226.48395pt x 162.05247pt.
<Capitolo 2/Immagini/armsingularity2.png, id=122, 252.945pt x 500.62032pt>
File: Capitolo 2/Immagini/armsingularity2.png Graphic file (type png)
<use Capitolo 2/Immagini/armsingularity2.png>
Package pdftex.def Info: Capitolo 2/Immagini/armsingularity2.png  used on input
 line 1128.
(pdftex.def)             Requested size: 135.89174pt x 268.95595pt.
 [29 <./Capitolo 2/Immagini/wristsingularity.png> <./Capitolo 2/Immagini/armsin
gularity1.png>] [30 <./Capitolo 2/Immagini/armsingularity2.png>])
(Capitolo 3/Capitolo_3.tex [31] [32

]
Chapter 3.
[33] [34] [35] [36] [37] [38]
<Capitolo 3/Immagini/control_scheme.png, id=160, 706.13812pt x 320.69812pt>
File: Capitolo 3/Immagini/control_scheme.png Graphic file (type png)
<use Capitolo 3/Immagini/control_scheme.png>
Package pdftex.def Info: Capitolo 3/Immagini/control_scheme.png  used on input 
line 220.
(pdftex.def)             Requested size: 362.37569pt x 164.5766pt.
 [39 <./Capitolo 3/Immagini/control_scheme.png>]
<Capitolo 3/Immagini/transpose_scheme.png, id=165, 350.05782pt x 132.495pt>
File: Capitolo 3/Immagini/transpose_scheme.png Graphic file (type png)
<use Capitolo 3/Immagini/transpose_scheme.png>
Package pdftex.def Info: Capitolo 3/Immagini/transpose_scheme.png  used on inpu
t line 258.
(pdftex.def)             Requested size: 362.37569pt x 137.16682pt.
<Capitolo 3/Immagini/anthropomorphic_shoulder_singularity.png, id=166, 211.5403
1pt x 307.1475pt>
File: Capitolo 3/Immagini/anthropomorphic_shoulder_singularity.png Graphic file
 (type png)
<use Capitolo 3/Immagini/anthropomorphic_shoulder_singularity.png>
Package pdftex.def Info: Capitolo 3/Immagini/anthropomorphic_shoulder_singulari
ty.png  used on input line 270.
(pdftex.def)             Requested size: 135.89174pt x 197.31422pt.


LaTeX Warning: `h' float specifier changed to `ht'.

[40 <./Capitolo 3/Immagini/transpose_scheme.png>]
<Capitolo 3/Immagini/orientation_error.png, id=171, 118.94438pt x 118.19156pt>
File: Capitolo 3/Immagini/orientation_error.png Graphic file (type png)
<use Capitolo 3/Immagini/orientation_error.png>
Package pdftex.def Info: Capitolo 3/Immagini/orientation_error.png  used on inp
ut line 302.
(pdftex.def)             Requested size: 135.89174pt x 135.03734pt.
 [41 <./Capitolo 3/Immagini/anthropomorphic_shoulder_singularity.png> <./Capito
lo 3/Immagini/orientation_error.png>]
<Capitolo 3/Immagini/angle_and_axis.png, id=177, 240.9pt x 243.91125pt>
File: Capitolo 3/Immagini/angle_and_axis.png Graphic file (type png)
<use Capitolo 3/Immagini/angle_and_axis.png>
Package pdftex.def Info: Capitolo 3/Immagini/angle_and_axis.png  used on input 
line 330.
(pdftex.def)             Requested size: 135.89174pt x 137.59424pt.
 [42 <./Capitolo 3/Immagini/angle_and_axis.png>] [43]
<Capitolo 3/Immagini/drift_plots.png, id=186, 430.60875pt x 196.48407pt>
File: Capitolo 3/Immagini/drift_plots.png Graphic file (type png)
<use Capitolo 3/Immagini/drift_plots.png>
Package pdftex.def Info: Capitolo 3/Immagini/drift_plots.png  used on input lin
e 439.
(pdftex.def)             Requested size: 271.7835pt x 124.01646pt.
 [44 <./Capitolo 3/Immagini/drift_plots.png>]
<Capitolo 3/Immagini/kineto_statics_mapping.png, id=191, 398.23781pt x 399.7434
4pt>
File: Capitolo 3/Immagini/kineto_statics_mapping.png Graphic file (type png)
<use Capitolo 3/Immagini/kineto_statics_mapping.png>
Package pdftex.def Info: Capitolo 3/Immagini/kineto_statics_mapping.png  used o
n input line 536.
(pdftex.def)             Requested size: 317.07614pt x 318.28857pt.

Underfull \vbox (badness 4441) has occurred while \output is active []

 [45]
<Capitolo 3/Immagini/arm_singularity_statics.png, id=195, 188.20313pt x 231.866
26pt>
File: Capitolo 3/Immagini/arm_singularity_statics.png Graphic file (type png)
<use Capitolo 3/Immagini/arm_singularity_statics.png>
Package pdftex.def Info: Capitolo 3/Immagini/arm_singularity_statics.png  used 
on input line 549.
(pdftex.def)             Requested size: 90.5922pt x 111.61295pt.

[46 <./Capitolo 3/Immagini/kineto_statics_mapping.png> <./Capitolo 3/Immagini/a
rm_singularity_statics.png>]
<Capitolo 3/Immagini/planar_ellipsoid_evolution.png, id=201, 153.57375pt x 143.
78719pt>
File: Capitolo 3/Immagini/planar_ellipsoid_evolution.png Graphic file (type png
)
<use Capitolo 3/Immagini/planar_ellipsoid_evolution.png>
Package pdftex.def Info: Capitolo 3/Immagini/planar_ellipsoid_evolution.png  us
ed on input line 614.
(pdftex.def)             Requested size: 135.89174pt x 127.23958pt.
 [47 <./Capitolo 3/Immagini/planar_ellipsoid_evolution.png>]
<Capitolo 3/Immagini/velocity_force_duality.png, id=206, 227.34938pt x 72.27pt>

File: Capitolo 3/Immagini/velocity_force_duality.png Graphic file (type png)
<use Capitolo 3/Immagini/velocity_force_duality.png>
Package pdftex.def Info: Capitolo 3/Immagini/velocity_force_duality.png  used o
n input line 635.
(pdftex.def)             Requested size: 181.18439pt x 57.5955pt.
) (Capitolo 4/Capitolo_4.tex [48 <./Capitolo 3/Immagini/velocity_force_duality.
png>]
Chapter 4.
[49

]
<Capitolo 4/Immagini/results_traj.png, id=216, 384.6872pt x 468.24937pt>
File: Capitolo 4/Immagini/results_traj.png Graphic file (type png)
<use Capitolo 4/Immagini/results_traj.png>
Package pdftex.def Info: Capitolo 4/Immagini/results_traj.png  used on input li
ne 53.
(pdftex.def)             Requested size: 271.7835pt x 330.84462pt.
<Capitolo 4/Immagini/trapezoidal_profile.png, id=217, 188.20313pt x 351.56343pt
>
File: Capitolo 4/Immagini/trapezoidal_profile.png Graphic file (type png)
<use Capitolo 4/Immagini/trapezoidal_profile.png>
Package pdftex.def Info: Capitolo 4/Immagini/trapezoidal_profile.png  used on i
nput line 64.
(pdftex.def)             Requested size: 135.89174pt x 253.86575pt.

Underfull \vbox (badness 10000) has occurred while \output is active []

 [50 <./Capitolo 4/Immagini/results_traj.png>] [51 <./Capitolo 4/Immagini/trape
zoidal_profile.png>] [52] [53]
<Capitolo 4/Immagini/linear_parabolic_blend.png, id=233, 234.1247pt x 195.73125
pt>
File: Capitolo 4/Immagini/linear_parabolic_blend.png Graphic file (type png)
<use Capitolo 4/Immagini/linear_parabolic_blend.png>
Package pdftex.def Info: Capitolo 4/Immagini/linear_parabolic_blend.png  used o
n input line 222.
(pdftex.def)             Requested size: 181.18439pt x 151.48108pt.
 [54 <./Capitolo 4/Immagini/linear_parabolic_blend.png>]
<Capitolo 4/Immagini/linear_parabolic_graphics.png, id=238, 225.09094pt x 385.4
4pt>
File: Capitolo 4/Immagini/linear_parabolic_graphics.png Graphic file (type png)

<use Capitolo 4/Immagini/linear_parabolic_graphics.png>
Package pdftex.def Info: Capitolo 4/Immagini/linear_parabolic_graphics.png  use
d on input line 241.
(pdftex.def)             Requested size: 181.18439pt x 310.26973pt.
<Capitolo 4/Immagini/operational_space_path.png, id=239, 161.10187pt x 135.5062
6pt>
File: Capitolo 4/Immagini/operational_space_path.png Graphic file (type png)
<use Capitolo 4/Immagini/operational_space_path.png>
Package pdftex.def Info: Capitolo 4/Immagini/operational_space_path.png  used o
n input line 260.
(pdftex.def)             Requested size: 181.18439pt x 152.40485pt.

[55 <./Capitolo 4/Immagini/linear_parabolic_graphics.png>]
<Capitolo 4/Immagini/circular_path_geometry.png, id=245, 194.22563pt x 191.2143
7pt>
File: Capitolo 4/Immagini/circular_path_geometry.png Graphic file (type png)
<use Capitolo 4/Immagini/circular_path_geometry.png>
Package pdftex.def Info: Capitolo 4/Immagini/circular_path_geometry.png  used o
n input line 308.
(pdftex.def)             Requested size: 226.48395pt x 222.9788pt.
 [56 <./Capitolo 4/Immagini/operational_space_path.png>] [57 <./Capitolo 4/Imma
gini/circular_path_geometry.png>] [58]
<Capitolo 4/Immagini/robot_stops.png, id=257, 640.64343pt x 298.11375pt>
File: Capitolo 4/Immagini/robot_stops.png Graphic file (type png)
<use Capitolo 4/Immagini/robot_stops.png>
Package pdftex.def Info: Capitolo 4/Immagini/robot_stops.png  used on input lin
e 415.
(pdftex.def)             Requested size: 271.7835pt x 126.4715pt.
 [59 <./Capitolo 4/Immagini/robot_stops.png>]
<Capitolo 4/Immagini/anticipated_trapezoid.png, id=262, 487.06969pt x 287.57437
pt>
File: Capitolo 4/Immagini/anticipated_trapezoid.png Graphic file (type png)
<use Capitolo 4/Immagini/anticipated_trapezoid.png>
Package pdftex.def Info: Capitolo 4/Immagini/anticipated_trapezoid.png  used on
 input line 423.
(pdftex.def)             Requested size: 271.7835pt x 160.46571pt.

Overfull \hbox (38.12141pt too wide) in paragraph at lines 447--448
\OT1/cmr/m/n/12 The ori-en-ta-tion of the end-effector is rep-re-sented by the 
ro-ta-tion ma-trix $\OML/cmm/m/it/12 R \OT1/cmr/m/n/12 = []$,
 []

[60 <./Capitolo 4/Immagini/anticipated_trapezoid.png>]
Overfull \hbox (3.49811pt too wide) in paragraph at lines 490--491
[]\OT1/cmr/m/n/12 The time-varying ori-en-ta-tion is then $\OML/cmm/m/it/12 R\O
T1/cmr/m/n/12 (\OML/cmm/m/it/12 t\OT1/cmr/m/n/12 ) = \OML/cmm/m/it/12 R[]R[]\OT
1/cmr/m/n/12 (\OML/cmm/m/it/12 t\OT1/cmr/m/n/12 )$, with bound-ary con-di-tions
 $\OML/cmm/m/it/12 R[]\OT1/cmr/m/n/12 (0) =
 []

[61] [62] [63] [64]
Overfull \hbox (2.75398pt too wide) detected at line 671
[]\OML/cmm/m/it/12 B\OT1/cmr/m/n/12 (\OML/cmm/m/it/12 q\OT1/cmr/m/n/12 ) = [] [
]
 []

[65]
Overfull \hbox (21.32579pt too wide) in paragraph at lines 710--710
[]\OT1/cmr/bx/n/17.28 Components of the Torques and Non-Conservative
 []


Overfull \hbox (2.58014pt too wide) in paragraph at lines 724--725
[]\OT1/cmr/bx/n/12 Contact forces: $\OMS/cmsy/m/n/12 ^^@\OML/cmm/m/it/12 J[]\OT
1/cmr/m/n/12 (\OML/cmm/m/it/12 q\OT1/cmr/m/n/12 )\OML/cmm/m/it/12 h[]$\OT1/cmr/
m/n/12 , rep-re-sent-ing the bal-anc-ing of con-tact forces and torques
 []

[66] [67] [68]
Overfull \hbox (2.75398pt too wide) detected at line 821
[]\OML/cmm/m/it/12 B\OT1/cmr/m/n/12 (\OML/cmm/m/it/12 q\OT1/cmr/m/n/12 ) = [] [
]
 []

[69] [70]
Overfull \hbox (49.46121pt too wide) detected at line 920
[]\OML/cmm/m/it/12 ^^V[] \OT1/cmr/m/n/12 + \OML/cmm/m/it/12 f[] \OMS/cmsy/m/n/1
2 ^^B \OML/cmm/m/it/12 r[] \OMS/cmsy/m/n/12 ^^@ \OML/cmm/m/it/12 ^^V[] \OMS/cms
y/m/n/12 ^^@ \OML/cmm/m/it/12 f[] \OMS/cmsy/m/n/12 ^^B \OML/cmm/m/it/12 r[] \OT
1/cmr/m/n/12 = [][] + \OML/cmm/m/it/12 ![] \OMS/cmsy/m/n/12 ^^B \OT1/cmr/m/n/12
 ([]\OML/cmm/m/it/12 ![]\OT1/cmr/m/n/12 ) + \OML/cmm/m/it/12 k[][]I[]z[] \OT1/c
mr/m/n/12 + \OML/cmm/m/it/12 k[][]I[]![] \OMS/cmsy/m/n/12 ^^B \OML/cmm/m/it/12 
z[]
 []

[71] [72] [73] [74]
Overfull \hbox (20.48788pt too wide) in paragraph at lines 1123--1123
[]\OT1/cmr/bx/n/17.28 Direct and In-verse Dy-nam-ics in Op-er-a-tional Space 
 []

[75]) (Capitolo 5/Capitolo_5.tex [76]
Chapter 5.
[77

] [78] [79] [80] [81] [82] [83] [84] [85] [86] [87] [88])
(Capitolo 6/Capitolo_6.tex [89] [90

]
Chapter 6.
[91] [92]
Overfull \hbox (25.5139pt too wide) in paragraph at lines 103--103
[]\OT1/cmr/bx/n/17.28 Control Ar-chi-tec-tures: De-cen-tralised vs Cen-tralised
 
 []

[93] [94]) [95] (FOR_Notes.aux)
 ***********
LaTeX2e <2025-11-01>
L3 programming layer <2025-10-24>
 ***********
 ) 
Here is how much of TeX's memory you used:
 14857 strings out of 467871
 311004 string characters out of 5418859
 702561 words of memory out of 5000000
 43450 multiletter control sequences out of 15000+600000
 640934 words of font info for 89 fonts, out of 8000000 for 9000
 1141 hyphenation exceptions out of 8191
 102i,16n,107p,451b,317s stack positions out of 10000i,1000n,20000p,200000b,200000s
 <C:\Users\Acer\AppData\Local\MiKTeX\fonts/pk/ljfour/jknappen/ec/dpi600\tcrm1
200.pk><C:/Users/Acer/AppData/Local/Programs/MiKTeX/fonts/type1/public/amsfonts
/cm/cmbx12.pfb><C:/Users/Acer/AppData/Local/Programs/MiKTeX/fonts/type1/public/
amsfonts/cm/cmex10.pfb><C:/Users/Acer/AppData/Local/Programs/MiKTeX/fonts/type1
/public/amsfonts/cm/cmmi10.pfb><C:/Users/Acer/AppData/Local/Programs/MiKTeX/fon
ts/type1/public/amsfonts/cm/cmmi12.pfb><C:/Users/Acer/AppData/Local/Programs/Mi
KTeX/fonts/type1/public/amsfonts/cm/cmmi6.pfb><C:/Users/Acer/AppData/Local/Prog
rams/MiKTeX/fonts/type1/public/amsfonts/cm/cmmi8.pfb><C:/Users/Acer/AppData/Loc
al/Programs/MiKTeX/fonts/type1/public/amsfonts/cm/cmmib10.pfb><C:/Users/Acer/Ap
pData/Local/Programs/MiKTeX/fonts/type1/public/amsfonts/cm/cmr10.pfb><C:/Users/
Acer/AppData/Local/Programs/MiKTeX/fonts/type1/public/amsfonts/cm/cmr12.pfb><C:
/Users/Acer/AppData/Local/Programs/MiKTeX/fonts/type1/public/amsfonts/cm/cmr6.p
fb><C:/Users/Acer/AppData/Local/Programs/MiKTeX/fonts/type1/public/amsfonts/cm/
cmr8.pfb><C:/Users/Acer/AppData/Local/Programs/MiKTeX/fonts/type1/public/amsfon
ts/cm/cmsl12.pfb><C:/Users/Acer/AppData/Local/Programs/MiKTeX/fonts/type1/publi
c/amsfonts/cm/cmsy10.pfb><C:/Users/Acer/AppData/Local/Programs/MiKTeX/fonts/typ
e1/public/amsfonts/cm/cmsy6.pfb><C:/Users/Acer/AppData/Local/Programs/MiKTeX/fo
nts/type1/public/amsfonts/cm/cmsy8.pfb><C:/Users/Acer/AppData/Local/Programs/Mi
KTeX/fonts/type1/public/amsfonts/cm/cmti12.pfb><C:/Users/Acer/AppData/Local/Pro
grams/MiKTeX/fonts/type1/public/amsfonts/symbols/msbm10.pfb>
Output written on FOR_Notes.pdf (95 pages, 1035117 bytes).
PDF statistics:
 455 PDF objects out of 1000 (max. 8388607)
 0 named destinations out of 1000 (max. 500000)
 148 words of extra memory for PDF output out of 10000 (max. 10000000)

